2014-10-13 06:52:59 Error: [MissingControllerException] Controller class PagesController could not be found.
Exception Attributes: array (
  'class' => 'PagesController',
  'plugin' => NULL,
)
Request URL: /project/surematome3/surematome/cakephp23/sample2_chapter6/
Stack Trace:
#0 C:\xampp\htdocs\project\surematome3\surematome\cakephp23\sample2_chapter6\webroot\index.php(96): Dispatcher->dispatch(Object(CakeRequest), Object(CakeResponse))
#1 {main}
2014-10-13 06:52:59 Error: Fatal Error (1): Class 'AppHelper' not found in [C:\xampp\htdocs\project\surematome3\surematome\cakephp23\lib\Cake\View\Helper\HtmlHelper.php, line 32]
2014-10-13 06:52:59 Error: [InternalErrorException] Internal Server Error
Request URL: /project/surematome3/surematome/cakephp23/sample2_chapter6/
Stack Trace:
#0 C:\xampp\htdocs\project\surematome3\surematome\cakephp23\lib\Cake\Error\ErrorHandler.php(184): ErrorHandler::handleFatalError(1, 'Class 'AppHelpe...', 'C:\xampp\htdocs...', 32)
#1 [internal function]: ErrorHandler::handleError(1, 'Class 'AppHelpe...', 'C:\xampp\htdocs...', 32, Array)
#2 C:\xampp\htdocs\project\surematome3\surematome\cakephp23\lib\Cake\Core\App.php(926): call_user_func('ErrorHandler::h...', 1, 'Class 'AppHelpe...', 'C:\xampp\htdocs...', 32, Array)
#3 C:\xampp\htdocs\project\surematome3\surematome\cakephp23\lib\Cake\Core\App.php(899): App::_checkFatalError()
#4 [internal function]: App::shutdown()
#5 {main}
2014-10-13 06:54:10 Error: [MissingControllerException] Controller class PagesController could not be found.
Exception Attributes: array (
  'class' => 'PagesController',
  'plugin' => NULL,
)
Request URL: /project/surematome3/surematome/cakephp23/sample2_chapter6/
Stack Trace:
#0 C:\xampp\htdocs\project\surematome3\surematome\cakephp23\sample2_chapter6\webroot\index.php(96): Dispatcher->dispatch(Object(CakeRequest), Object(CakeResponse))
#1 {main}
2014-10-13 06:54:10 Error: Fatal Error (1): Class 'AppHelper' not found in [C:\xampp\htdocs\project\surematome3\surematome\cakephp23\lib\Cake\View\Helper\HtmlHelper.php, line 32]
2014-10-13 06:54:10 Error: [FatalErrorException] Class 'AppHelper' not found
Request URL: /project/surematome3/surematome/cakephp23/sample2_chapter6/
Stack Trace:
#0 C:\xampp\htdocs\project\surematome3\surematome\cakephp23\lib\Cake\Error\ErrorHandler.php(184): ErrorHandler::handleFatalError(1, 'Class 'AppHelpe...', 'C:\xampp\htdocs...', 32)
#1 [internal function]: ErrorHandler::handleError(1, 'Class 'AppHelpe...', 'C:\xampp\htdocs...', 32, Array)
#2 C:\xampp\htdocs\project\surematome3\surematome\cakephp23\lib\Cake\Core\App.php(926): call_user_func('ErrorHandler::h...', 1, 'Class 'AppHelpe...', 'C:\xampp\htdocs...', 32, Array)
#3 C:\xampp\htdocs\project\surematome3\surematome\cakephp23\lib\Cake\Core\App.php(899): App::_checkFatalError()
#4 [internal function]: App::shutdown()
#5 {main}
